#
# There is insufficient memory for the Java Runtime Environment to continue.
# Native memory allocation (malloc) failed to allocate 1471904 bytes for Chunk::new
# Possible reasons:
#   The system is out of physical RAM or swap space
#   The process is running with CompressedOops enabled, and the Java Heap may be blocking the growth of the native heap
# Possible solutions:
#   Reduce memory load on the system
#   Increase physical memory or swap space
#   Check if swap backing store is full
#   Decrease Java heap size (-Xmx/-Xms)
#   Decrease number of Java threads
#   Decrease Java thread stack sizes (-Xss)
#   Set larger code cache with -XX:ReservedCodeCacheSize=
#   JVM is running with Unscaled Compressed Oops mode in which the Java heap is
#     placed in the first 4GB address space. The Java Heap base address is the
#     maximum limit for the native heap growth. Please use -XX:HeapBaseMinAddress
#     to set the Java Heap base and to place the Java Heap above 4GB virtual address.
# This output file may be truncated or incomplete.
#
#  Out of Memory Error (arena.cpp:189), pid=7020, tid=9620
#
# JRE version: Java(TM) SE Runtime Environment (17.0.3+8) (build 17.0.3+8-LTS-111)
# Java VM: Java HotSpot(TM) 64-Bit Server VM (17.0.3+8-LTS-111, mixed mode, sharing, tiered, compressed oops, compressed class ptrs, g1 gc, windows-amd64)
# No core dump will be written. Minidumps are not enabled by default on client versions of Windows
#

---------------  S U M M A R Y ------------

Command Line: -javaagent:C:\Program Files\JetBrains\IntelliJ IDEA Community Edition 2022.1\lib\idea_rt.jar=52651:C:\Program Files\JetBrains\IntelliJ IDEA Community Edition 2022.1\bin -Dfile.encoding=UTF-8 Main

Host: Intel(R) Core(TM) i3-2350M CPU @ 2.30GHz, 4 cores, 3G,  Windows 10 , 64 bit Build 17763 (10.0.17763.1)
Time: Thu Oct 20 23:51:44 2022 Центральная Азия (зима) elapsed time: 3.819616 seconds (0d 0h 0m 3s)

---------------  T H R E A D  ---------------

Current thread (0x000001b8658fc210):  JavaThread "C2 CompilerThread0" daemon [_thread_in_native, id=9620, stack(0x000000b225200000,0x000000b225300000)]


Current CompileTask:
C2:   3819 1456   !   4       java.net.URL::<init> (543 bytes)

Stack: [0x000000b225200000,0x000000b225300000]
Native frames: (J=compiled Java code, j=interpreted, Vv=VM code, C=native code)
V  [jvm.dll+0x6711ba]
V  [jvm.dll+0x7d0834]
V  [jvm.dll+0x7d1fde]
V  [jvm.dll+0x7d2643]
V  [jvm.dll+0x242c85]
V  [jvm.dll+0xaa57b]
V  [jvm.dll+0xaab0c]
V  [jvm.dll+0x35ff77]
V  [jvm.dll+0x32a581]
V  [jvm.dll+0x329a2a]
V  [jvm.dll+0x215d61]
V  [jvm.dll+0x215181]
V  [jvm.dll+0x1a1c3d]
V  [jvm.dll+0x2249c8]
V  [jvm.dll+0x222b2c]
V  [jvm.dll+0x78650b]
V  [jvm.dll+0x780aca]
V  [jvm.dll+0x670045]
C  [ucrtbase.dll+0x203ba]
C  [KERNEL32.DLL+0x17e94]
C  [ntdll.dll+0x67ad1]


---------------  P R O C E S S  ---------------

Threads class SMR info:
_java_thread_list=0x000001b86711dbe0, length=15, elements={
0x000001b84a685bd0, 0x000001b84a7444e0, 0x000001b84a745260, 0x000001b8658eb400,
0x000001b8658eced0, 0x000001b8658ef7a0, 0x000001b8658f0060, 0x000001b8658fc210,
0x000001b8658fcbc0, 0x000001b8659100e0, 0x000001b8659beae0, 0x000001b8664f6640,
0x000001b8664fabe0, 0x000001b8672d9980, 0x000001b8672894c0
}

Java Threads: ( => current thread )
  0x000001b84a685bd0 JavaThread "main" [_thread_in_native, id=9324, stack(0x000000b224500000,0x000000b224600000)]
  0x000001b84a7444e0 JavaThread "Reference Handler" daemon [_thread_blocked, id=10720, stack(0x000000b224c00000,0x000000b224d00000)]
  0x000001b84a745260 JavaThread "Finalizer" daemon [_thread_blocked, id=10020, stack(0x000000b224d00000,0x000000b224e00000)]
  0x000001b8658eb400 JavaThread "Signal Dispatcher" daemon [_thread_blocked, id=2852, stack(0x000000b224e00000,0x000000b224f00000)]
  0x000001b8658eced0 JavaThread "Attach Listener" daemon [_thread_blocked, id=8412, stack(0x000000b224f00000,0x000000b225000000)]
  0x000001b8658ef7a0 JavaThread "Service Thread" daemon [_thread_blocked, id=10932, stack(0x000000b225000000,0x000000b225100000)]
  0x000001b8658f0060 JavaThread "Monitor Deflation Thread" daemon [_thread_blocked, id=4004, stack(0x000000b225100000,0x000000b225200000)]
=>0x000001b8658fc210 JavaThread "C2 CompilerThread0" daemon [_thread_in_native, id=9620, stack(0x000000b225200000,0x000000b225300000)]
  0x000001b8658fcbc0 JavaThread "C1 CompilerThread0" daemon [_thread_blocked, id=10884, stack(0x000000b225300000,0x000000b225400000)]
  0x000001b8659100e0 JavaThread "Sweeper thread" daemon [_thread_blocked, id=8648, stack(0x000000b225400000,0x000000b225500000)]
  0x000001b8659beae0 JavaThread "Common-Cleaner" daemon [_thread_blocked, id=2636, stack(0x000000b225500000,0x000000b225600000)]
  0x000001b8664f6640 JavaThread "Monitor Ctrl-Break" daemon [_thread_in_native, id=9152, stack(0x000000b225600000,0x000000b225700000)]
  0x000001b8664fabe0 JavaThread "Notification Thread" daemon [_thread_blocked, id=9612, stack(0x000000b225700000,0x000000b225800000)]
  0x000001b8672d9980 JavaThread "mysql-cj-abandoned-connection-cleanup" daemon [_thread_blocked, id=3744, stack(0x000000b225c00000,0x000000b225d00000)]
  0x000001b8672894c0 JavaThread "Hibernate Connection Pool Validation Thread" daemon [_thread_blocked, id=5448, stack(0x000000b225d00000,0x000000b225e00000)]

Other Threads:
  0x000001b84a73f9d0 VMThread "VM Thread" [stack: 0x000000b224b00000,0x000000b224c00000] [id=10428]
  0x000001b84a6d6700 WatcherThread [stack: 0x000000b225800000,0x000000b225900000] [id=2924]
  0x000001b84a6c00c0 GCTaskThread "GC Thread#0" [stack: 0x000000b224600000,0x000000b224700000] [id=4184]
  0x000001b866b2edf0 GCTaskThread "GC Thread#1" [stack: 0x000000b225900000,0x000000b225a00000] [id=4708]
  0x000001b866bee130 GCTaskThread "GC Thread#2" [stack: 0x000000b225a00000,0x000000b225b00000] [id=3648]
  0x000001b866bf9f90 GCTaskThread "GC Thread#3" [stack: 0x000000b225b00000,0x000000b225c00000] [id=2096]
  0x000001b84a6c8d90 ConcurrentGCThread "G1 Main Marker" [stack: 0x000000b224700000,0x000000b224800000] [id=11256]
  0x000001b84a6ca270 ConcurrentGCThread "G1 Conc#0" [stack: 0x000000b224800000,0x000000b224900000] [id=12184]
  0x000001b84a7211d0 ConcurrentGCThread "G1 Refine#0" [stack: 0x000000b224900000,0x000000b224a00000] [id=2524]
  0x000001b84a721b00 ConcurrentGCThread "G1 Service" [stack: 0x000000b224a00000,0x000000b224b00000] [id=5052]

Threads with active compile tasks:
C2 CompilerThread0     3886 1456   !   4       java.net.URL::<init> (543 bytes)

VM state: not at safepoint (normal execution)

VM Mutex/Monitor currently owned by a thread: None

Heap address: 0x00000000c0c00000, size: 1012 MB, Compressed Oops mode: 32-bit

CDS archive(s) mapped at: [0x0000000800000000-0x0000000800bc0000-0x0000000800bc0000), size 12320768, SharedBaseAddress: 0x0000000800000000, ArchiveRelocationMode: 0.
Compressed class space mapped at: 0x0000000800c00000-0x0000000840c00000, reserved size: 1073741824
Narrow klass base: 0x0000000800000000, Narrow klass shift: 0, Narrow klass range: 0x100000000

GC Precious Log:
 CPUs: 4 total, 4 available
 Memory: 4043M
 Large Page Support: Disabled
 NUMA Support: Disabled
 Compressed Oops: Enabled (32-bit)
 Heap Region Size: 1M
 Heap Min Capacity: 8M
 Heap Initial Capacity: 64M
 Heap Max Capacity: 1012M
 Pre-touch: Disabled
 Parallel Workers: 4
 Concurrent Workers: 1
 Concurrent Refinement Workers: 4
 Periodic GC: Disabled

Heap:
 garbage-first heap   total 65536K, used 23060K [0x00000000c0c00000, 0x0000000100000000)
  region size 1024K, 21 young (21504K), 2 survivors (2048K)
 Metaspace       used 17110K, committed 17344K, reserved 1064960K
  class space    used 2284K, committed 2432K, reserved 1048576K

Heap Regions: E=young(eden), S=young(survivor), O=old, HS=humongous(starts), HC=humongous(continues), CS=collection set, F=free, OA=open archive, CA=closed archive, TAMS=top-at-mark-start (previous, next)
|   0|0x00000000c0c00000, 0x00000000c0d00000, 0x00000000c0d00000|100%|HS|  |TAMS 0x00000000c0c00000, 0x00000000c0c00000| Complete 
|   1|0x00000000c0d00000, 0x00000000c0e00000, 0x00000000c0e00000|100%| O|  |TAMS 0x00000000c0d00000, 0x00000000c0d00000| Untracked 
|   2|0x00000000c0e00000, 0x00000000c0f00000, 0x00000000c0f00000|100%| O|  |TAMS 0x00000000c0e00000, 0x00000000c0e00000| Untracked 
|   3|0x00000000c0f00000, 0x00000000c1000000, 0x00000000c1000000|100%| O|  |TAMS 0x00000000c0f00000, 0x00000000c0f00000| Untracked 
|   4|0x00000000c1000000, 0x00000000c102b400, 0x00000000c1100000| 16%| O|  |TAMS 0x00000000c1000000, 0x00000000c1000000| Untracked 
|   5|0x00000000c1100000, 0x00000000c1100000, 0x00000000c1200000|  0%| F|  |TAMS 0x00000000c1100000, 0x00000000c1100000| Untracked 
|   6|0x00000000c1200000, 0x00000000c1200000, 0x00000000c1300000|  0%| F|  |TAMS 0x00000000c1200000, 0x00000000c1200000| Untracked 
|   7|0x00000000c1300000, 0x00000000c1300000, 0x00000000c1400000|  0%| F|  |TAMS 0x00000000c1300000, 0x00000000c1300000| Untracked 
|   8|0x00000000c1400000, 0x00000000c1400000, 0x00000000c1500000|  0%| F|  |TAMS 0x00000000c1400000, 0x00000000c1400000| Untracked 
|   9|0x00000000c1500000, 0x00000000c1500000, 0x00000000c1600000|  0%| F|  |TAMS 0x00000000c1500000, 0x00000000c1500000| Untracked 
|  10|0x00000000c1600000, 0x00000000c1600000, 0x00000000c1700000|  0%| F|  |TAMS 0x00000000c1600000, 0x00000000c1600000| Untracked 
|  11|0x00000000c1700000, 0x00000000c1700000, 0x00000000c1800000|  0%| F|  |TAMS 0x00000000c1700000, 0x00000000c1700000| Untracked 
|  12|0x00000000c1800000, 0x00000000c1800000, 0x00000000c1900000|  0%| F|  |TAMS 0x00000000c1800000, 0x00000000c1800000| Untracked 
|  13|0x00000000c1900000, 0x00000000c1900000, 0x00000000c1a00000|  0%| F|  |TAMS 0x00000000c1900000, 0x00000000c1900000| Untracked 
|  14|0x00000000c1a00000, 0x00000000c1a00000, 0x00000000c1b00000|  0%| F|  |TAMS 0x00000000c1a00000, 0x00000000c1a00000| Untracked 
|  15|0x00000000c1b00000, 0x00000000c1b00000, 0x00000000c1c00000|  0%| F|  |TAMS 0x00000000c1b00000, 0x00000000c1b00000| Untracked 
|  16|0x00000000c1c00000, 0x00000000c1c00000, 0x00000000c1d00000|  0%| F|  |TAMS 0x00000000c1c00000, 0x00000000c1c00000| Untracked 
|  17|0x00000000c1d00000, 0x00000000c1d00000, 0x00000000c1e00000|  0%| F|  |TAMS 0x00000000c1d00000, 0x00000000c1d00000| Untracked 
|  18|0x00000000c1e00000, 0x00000000c1e00000, 0x00000000c1f00000|  0%| F|  |TAMS 0x00000000c1e00000, 0x00000000c1e00000| Untracked 
|  19|0x00000000c1f00000, 0x00000000c1f00000, 0x00000000c2000000|  0%| F|  |TAMS 0x00000000c1f00000, 0x00000000c1f00000| Untracked 
|  20|0x00000000c2000000, 0x00000000c2000000, 0x00000000c2100000|  0%| F|  |TAMS 0x00000000c2000000, 0x00000000c2000000| Untracked 
|  21|0x00000000c2100000, 0x00000000c2100000, 0x00000000c2200000|  0%| F|  |TAMS 0x00000000c2100000, 0x00000000c2100000| Untracked 
|  22|0x00000000c2200000, 0x00000000c2200000, 0x00000000c2300000|  0%| F|  |TAMS 0x00000000c2200000, 0x00000000c2200000| Untracked 
|  23|0x00000000c2300000, 0x00000000c2300000, 0x00000000c2400000|  0%| F|  |TAMS 0x00000000c2300000, 0x00000000c2300000| Untracked 
|  24|0x00000000c2400000, 0x00000000c2400000, 0x00000000c2500000|  0%| F|  |TAMS 0x00000000c2400000, 0x00000000c2400000| Untracked 
|  25|0x00000000c2500000, 0x00000000c2500000, 0x00000000c2600000|  0%| F|  |TAMS 0x00000000c2500000, 0x00000000c2500000| Untracked 
|  26|0x00000000c2600000, 0x00000000c2600000, 0x00000000c2700000|  0%| F|  |TAMS 0x00000000c2600000, 0x00000000c2600000| Untracked 
|  27|0x00000000c2700000, 0x00000000c2700000, 0x00000000c2800000|  0%| F|  |TAMS 0x00000000c2700000, 0x00000000c2700000| Untracked 
|  28|0x00000000c2800000, 0x00000000c2800000, 0x00000000c2900000|  0%| F|  |TAMS 0x00000000c2800000, 0x00000000c2800000| Untracked 
|  29|0x00000000c2900000, 0x00000000c2900000, 0x00000000c2a00000|  0%| F|  |TAMS 0x00000000c2900000, 0x00000000c2900000| Untracked 
|  30|0x00000000c2a00000, 0x00000000c2a00000, 0x00000000c2b00000|  0%| F|  |TAMS 0x00000000c2a00000, 0x00000000c2a00000| Untracked 
|  31|0x00000000c2b00000, 0x00000000c2b00000, 0x00000000c2c00000|  0%| F|  |TAMS 0x00000000c2b00000, 0x00000000c2b00000| Untracked 
|  32|0x00000000c2c00000, 0x00000000c2c00000, 0x00000000c2d00000|  0%| F|  |TAMS 0x00000000c2c00000, 0x00000000c2c00000| Untracked 
|  33|0x00000000c2d00000, 0x00000000c2d00000, 0x00000000c2e00000|  0%| F|  |TAMS 0x00000000c2d00000, 0x00000000c2d00000| Untracked 
|  34|0x00000000c2e00000, 0x00000000c2e00000, 0x00000000c2f00000|  0%| F|  |TAMS 0x00000000c2e00000, 0x00000000c2e00000| Untracked 
|  35|0x00000000c2f00000, 0x00000000c2f00000, 0x00000000c3000000|  0%| F|  |TAMS 0x00000000c2f00000, 0x00000000c2f00000| Untracked 
|  36|0x00000000c3000000, 0x00000000c3000000, 0x00000000c3100000|  0%| F|  |TAMS 0x00000000c3000000, 0x00000000c3000000| Untracked 
|  37|0x00000000c3100000, 0x00000000c3100000, 0x00000000c3200000|  0%| F|  |TAMS 0x00000000c3100000, 0x00000000c3100000| Untracked 
|  38|0x00000000c3200000, 0x00000000c3200000, 0x00000000c3300000|  0%| F|  |TAMS 0x00000000c3200000, 0x00000000c3200000| Untracked 
|  39|0x00000000c3300000, 0x00000000c3300000, 0x00000000c3400000|  0%| F|  |TAMS 0x00000000c3300000, 0x00000000c3300000| Untracked 
|  40|0x00000000c3400000, 0x00000000c3400000, 0x00000000c3500000|  0%| F|  |TAMS 0x00000000c3400000, 0x00000000c3400000| Untracked 
|  41|0x00000000c3500000, 0x00000000c3500000, 0x00000000c3600000|  0%| F|  |TAMS 0x00000000c3500000, 0x00000000c3500000| Untracked 
|  42|0x00000000c3600000, 0x00000000c3600000, 0x00000000c3700000|  0%| F|  |TAMS 0x00000000c3600000, 0x00000000c3600000| Untracked 
|  43|0x00000000c3700000, 0x00000000c37e4760, 0x00000000c3800000| 89%| E|  |TAMS 0x00000000c3700000, 0x00000000c3700000| Complete 
|  44|0x00000000c3800000, 0x00000000c3900000, 0x00000000c3900000|100%| E|CS|TAMS 0x00000000c3800000, 0x00000000c3800000| Complete 
|  45|0x00000000c3900000, 0x00000000c3a00000, 0x00000000c3a00000|100%| E|CS|TAMS 0x00000000c3900000, 0x00000000c3900000| Complete 
|  46|0x00000000c3a00000, 0x00000000c3b00000, 0x00000000c3b00000|100%| E|CS|TAMS 0x00000000c3a00000, 0x00000000c3a00000| Complete 
|  47|0x00000000c3b00000, 0x00000000c3b59d30, 0x00000000c3c00000| 35%| S|CS|TAMS 0x00000000c3b00000, 0x00000000c3b00000| Complete 
|  48|0x00000000c3c00000, 0x00000000c3d00000, 0x00000000c3d00000|100%| S|CS|TAMS 0x00000000c3c00000, 0x00000000c3c00000| Complete 
|  49|0x00000000c3d00000, 0x00000000c3e00000, 0x00000000c3e00000|100%| E|CS|TAMS 0x00000000c3d00000, 0x00000000c3d00000| Complete 
|  50|0x00000000c3e00000, 0x00000000c3f00000, 0x00000000c3f00000|100%| E|CS|TAMS 0x00000000c3e00000, 0x00000000c3e00000| Complete 
|  51|0x00000000c3f00000, 0x00000000c4000000, 0x00000000c4000000|100%| E|CS|TAMS 0x00000000c3f00000, 0x00000000c3f00000| Complete 
|  52|0x00000000c4000000, 0x00000000c4100000, 0x00000000c4100000|100%| E|CS|TAMS 0x00000000c4000000, 0x00000000c4000000| Complete 
|  53|0x00000000c4100000, 0x00000000c41ffee0, 0x00000000c4200000| 99%| E|  |TAMS 0x00000000c4100000, 0x00000000c4100000| Complete 
|  54|0x00000000c4200000, 0x00000000c4300000, 0x00000000c4300000|100%| E|CS|TAMS 0x00000000c4200000, 0x00000000c4200000| Complete 
|  55|0x00000000c4300000, 0x00000000c4400000, 0x00000000c4400000|100%| E|CS|TAMS 0x00000000c4300000, 0x00000000c4300000| Complete 
|  56|0x00000000c4400000, 0x00000000c4500000, 0x00000000c4500000|100%| E|CS|TAMS 0x00000000c4400000, 0x00000000c4400000| Complete 
|  57|0x00000000c4500000, 0x00000000c4600000, 0x00000000c4600000|100%| E|CS|TAMS 0x00000000c4500000, 0x00000000c4500000| Complete 
|  58|0x00000000c4600000, 0x00000000c4700000, 0x00000000c4700000|100%| E|CS|TAMS 0x00000000c4600000, 0x00000000c4600000| Complete 
|  59|0x00000000c4700000, 0x00000000c4800000, 0x00000000c4800000|100%| E|CS|TAMS 0x00000000c4700000, 0x00000000c4700000| Complete 
|  60|0x00000000c4800000, 0x00000000c4900000, 0x00000000c4900000|100%| E|CS|TAMS 0x00000000c4800000, 0x00000000c4800000| Complete 
|  61|0x00000000c4900000, 0x00000000c4a00000, 0x00000000c4a00000|100%| E|CS|TAMS 0x00000000c4900000, 0x00000000c4900000| Complete 
|  62|0x00000000c4a00000, 0x00000000c4b00000, 0x00000000c4b00000|100%| E|CS|TAMS 0x00000000c4a00000, 0x00000000c4a00000| Complete 
|  63|0x00000000c4b00000, 0x00000000c4c00000, 0x00000000c4c00000|100%| E|CS|TAMS 0x00000000c4b00000, 0x00000000c4b00000| Complete 

Card table byte_map: [0x000001b8610f0000,0x000001b8612f0000] _byte_map_base: 0x000001b860aea000

Marking Bits (Prev, Next): (CMBitMap*) 0x000001b84a6c05e0, (CMBitMap*) 0x000001b84a6c0620
 Prev Bits: [0x000001b8614f0000, 0x000001b8624c0000)
 Next Bits: [0x000001b8624c0000, 0x000001b863490000)

Polling page: 0x000001b8485d0000

Metaspace:

Usage:
  Non-class:     14.52 MB used.
      Class:      2.23 MB used.
       Both:     16.75 MB used.

Virtual space:
  Non-class space:       16.00 MB reserved,      14.63 MB ( 91%) committed,  2 nodes.
      Class space:        1.00 GB reserved,       2.38 MB ( <1%) committed,  1 nodes.
             Both:        1.02 GB reserved,      17.00 MB (  2%) committed. 

Chunk freelists:
   Non-Class:  1.16 MB
       Class:  1.67 MB
        Both:  2.83 MB

MaxMetaspaceSize: unlimited
CompressedClassSpaceSize: 1.00 GB
Initial GC threshold: 21.00 MB
Current GC threshold: 21.00 MB
CDS: on
MetaspaceReclaimPolicy: balanced
 - commit_granule_bytes: 65536.
 - commit_granule_words: 8192.
 - virtual_space_node_default_size: 1048576.
 - enlarge_chunks_in_place: 1.
 - new_chunks_are_fully_committed: 0.
 - uncommit_free_chunks: 1.
 - use_allocation_guard: 0.
 - handle_deallocations: 1.


Internal statistics:

num_allocs_failed_limit: 0.
num_arena_births: 114.
num_arena_deaths: 0.
num_vsnodes_births: 3.
num_vsnodes_deaths: 0.
num_space_committed: 272.
num_space_uncommitted: 0.
num_chunks_returned_to_freelist: 0.
num_chunks_taken_from_freelist: 535.
num_chunk_merges: 0.
num_chunk_splits: 397.
num_chunks_enlarged: 318.
num_purges: 0.
num_inconsistent_stats: 0.

CodeHeap 'non-profiled nmethods': size=120000Kb used=611Kb max_used=611Kb free=119389Kb
 bounds [0x000001b8599c0000, 0x000001b859c30000, 0x000001b860ef0000]
CodeHeap 'profiled nmethods': size=120000Kb used=3168Kb max_used=3168Kb free=116831Kb
 bounds [0x000001b852490000, 0x000001b8527b0000, 0x000001b8599c0000]
CodeHeap 'non-nmethods': size=5760Kb used=1214Kb max_used=1224Kb free=4545Kb
 bounds [0x000001b851ef0000, 0x000001b852160000, 0x000001b852490000]
 total_blobs=2137 nmethods=1615 adapters=435
 compilation: enabled
              stopped_count=0, restarted_count=0
 full_count=0

Compilation events (20 events):
Event: 3.803 Thread 0x000001b8658fcbc0 nmethod 1587 0x000001b852779e90 code [0x000001b85277a040, 0x000001b85277a298]
Event: 3.803 Thread 0x000001b8658fcbc0 1592       3       com.mysql.cj.protocol.a.NativeProtocol::getServerSession (5 bytes)
Event: 3.803 Thread 0x000001b8658fcbc0 nmethod 1592 0x000001b85277a390 code [0x000001b85277a520, 0x000001b85277a658]
Event: 3.803 Thread 0x000001b8658fcbc0 1593       3       com.mysql.cj.CoreSession::getServerSession (10 bytes)
Event: 3.803 Thread 0x000001b8658fcbc0 nmethod 1593 0x000001b85277a710 code [0x000001b85277a8c0, 0x000001b85277aab8]
Event: 3.803 Thread 0x000001b8658fcbc0 1582       3       java.nio.charset.Charset::lookup (44 bytes)
Event: 3.804 Thread 0x000001b8658fcbc0 nmethod 1582 0x000001b85277ac10 code [0x000001b85277ae00, 0x000001b85277b268]
Event: 3.804 Thread 0x000001b8658fcbc0 1595       3       java.lang.String::<init> (13 bytes)
Event: 3.805 Thread 0x000001b8658fcbc0 nmethod 1595 0x000001b85277b410 code [0x000001b85277b620, 0x000001b85277bc88]
Event: 3.805 Thread 0x000001b8658fcbc0 1596       3       com.mysql.cj.protocol.a.result.ByteArrayRow::getValue (30 bytes)
Event: 3.806 Thread 0x000001b8658fcbc0 nmethod 1596 0x000001b85277bf90 code [0x000001b85277c140, 0x000001b85277c3a8]
Event: 3.806 Thread 0x000001b8658fcbc0 1597       3       com.mysql.cj.protocol.result.AbstractResultsetRow::getValueFromBytes (46 bytes)
Event: 3.807 Thread 0x000001b8658fcbc0 nmethod 1597 0x000001b85277c510 code [0x000001b85277c6e0, 0x000001b85277ca98]
Event: 3.807 Thread 0x000001b8658fcbc0 1600       3       com.mysql.cj.protocol.a.result.ByteArrayRow::getNull (23 bytes)
Event: 3.807 Thread 0x000001b8658fcbc0 nmethod 1600 0x000001b85277cc10 code [0x000001b85277cda0, 0x000001b85277cf38]
Event: 3.807 Thread 0x000001b8658fcbc0 1601       3       com.mysql.cj.protocol.result.AbstractResultsetRow::decodeAndCreateReturnValue (1125 bytes)
Event: 3.813 Thread 0x000001b8658fcbc0 nmethod 1601 0x000001b85277d010 code [0x000001b85277d860, 0x000001b852781528]
Event: 3.814 Thread 0x000001b8658fcbc0 1598       3       com.mysql.cj.jdbc.result.ResultSetImpl::checkRowPos (27 bytes)
Event: 3.814 Thread 0x000001b8658fcbc0 nmethod 1598 0x000001b852782890 code [0x000001b852782a60, 0x000001b852782ea8]
Event: 3.814 Thread 0x000001b8658fcbc0 1602   !   3       com.mysql.cj.jdbc.result.ResultSetImpl::checkColumnBounds (142 bytes)

GC Heap History (4 events):
Event: 1.137 GC heap before
{Heap before GC invocations=0 (full 0):
 garbage-first heap   total 65536K, used 14336K [0x00000000c0c00000, 0x0000000100000000)
  region size 1024K, 13 young (13312K), 0 survivors (0K)
 Metaspace       used 4112K, committed 4288K, reserved 1056768K
  class space    used 545K, committed 640K, reserved 1048576K
}
Event: 1.148 GC heap after
{Heap after GC invocations=1 (full 0):
 garbage-first heap   total 65536K, used 4224K [0x00000000c0c00000, 0x0000000100000000)
  region size 1024K, 2 young (2048K), 2 survivors (2048K)
 Metaspace       used 4112K, committed 4288K, reserved 1056768K
  class space    used 545K, committed 640K, reserved 1048576K
}
Event: 2.180 GC heap before
{Heap before GC invocations=1 (full 0):
 garbage-first heap   total 65536K, used 17536K [0x00000000c0c00000, 0x0000000100000000)
  region size 1024K, 15 young (15360K), 2 survivors (2048K)
 Metaspace       used 10399K, committed 10624K, reserved 1064960K
  class space    used 1367K, committed 1472K, reserved 1048576K
}
Event: 2.192 GC heap after
{Heap after GC invocations=2 (full 0):
 garbage-first heap   total 65536K, used 5652K [0x00000000c0c00000, 0x0000000100000000)
  region size 1024K, 2 young (2048K), 2 survivors (2048K)
 Metaspace       used 10399K, committed 10624K, reserved 1064960K
  class space    used 1367K, committed 1472K, reserved 1048576K
}

Deoptimization events (20 events):
Event: 2.702 Thread 0x000001b84a685bd0 DEOPT PACKING pc=0x000001b8526d7988 sp=0x000000b2245fd650
Event: 2.702 Thread 0x000001b84a685bd0 DEOPT UNPACKING pc=0x000001b851f42b43 sp=0x000000b2245fcb58 mode 0
Event: 2.859 Thread 0x000001b84a685bd0 DEOPT PACKING pc=0x000001b8526d7988 sp=0x000000b2245fe680
Event: 2.859 Thread 0x000001b84a685bd0 DEOPT UNPACKING pc=0x000001b851f42b43 sp=0x000000b2245fdb88 mode 0
Event: 3.189 Thread 0x000001b84a685bd0 DEOPT PACKING pc=0x000001b8526d7988 sp=0x000000b2245f9e50
Event: 3.189 Thread 0x000001b84a685bd0 DEOPT UNPACKING pc=0x000001b851f42b43 sp=0x000000b2245f9358 mode 0
Event: 3.517 Thread 0x000001b84a685bd0 DEOPT PACKING pc=0x000001b8526d7988 sp=0x000000b2245fa320
Event: 3.517 Thread 0x000001b84a685bd0 DEOPT UNPACKING pc=0x000001b851f42b43 sp=0x000000b2245f9828 mode 0
Event: 3.590 Thread 0x000001b84a685bd0 Uncommon trap: trap_request=0xffffffc6 fr.pc=0x000001b859a4223c relative=0x0000000000000a1c
Event: 3.590 Thread 0x000001b84a685bd0 Uncommon trap: reason=bimorphic_or_optimized_type_check action=maybe_recompile pc=0x000001b859a4223c method=java.util.HashMap.putVal(ILjava/lang/Object;Ljava/lang/Object;ZZ)Ljava/lang/Object; @ 91 c2
Event: 3.590 Thread 0x000001b84a685bd0 DEOPT PACKING pc=0x000001b859a4223c sp=0x000000b2245fde90
Event: 3.590 Thread 0x000001b84a685bd0 DEOPT UNPACKING pc=0x000001b851f423a3 sp=0x000000b2245fde30 mode 2
Event: 3.590 Thread 0x000001b84a685bd0 Uncommon trap: trap_request=0xffffffc6 fr.pc=0x000001b859a4223c relative=0x0000000000000a1c
Event: 3.590 Thread 0x000001b84a685bd0 Uncommon trap: reason=bimorphic_or_optimized_type_check action=maybe_recompile pc=0x000001b859a4223c method=java.util.HashMap.putVal(ILjava/lang/Object;Ljava/lang/Object;ZZ)Ljava/lang/Object; @ 91 c2
Event: 3.590 Thread 0x000001b84a685bd0 DEOPT PACKING pc=0x000001b859a4223c sp=0x000000b2245fde90
Event: 3.590 Thread 0x000001b84a685bd0 DEOPT UNPACKING pc=0x000001b851f423a3 sp=0x000000b2245fde30 mode 2
Event: 3.590 Thread 0x000001b84a685bd0 Uncommon trap: trap_request=0xffffffde fr.pc=0x000001b859a4221c relative=0x00000000000009fc
Event: 3.590 Thread 0x000001b84a685bd0 Uncommon trap: reason=class_check action=maybe_recompile pc=0x000001b859a4221c method=java.util.HashMap.putVal(ILjava/lang/Object;Ljava/lang/Object;ZZ)Ljava/lang/Object; @ 203 c2
Event: 3.590 Thread 0x000001b84a685bd0 DEOPT PACKING pc=0x000001b859a4221c sp=0x000000b2245fde90
Event: 3.590 Thread 0x000001b84a685bd0 DEOPT UNPACKING pc=0x000001b851f423a3 sp=0x000000b2245fde30 mode 2

Classes unloaded (0 events):
No events

Classes redefined (0 events):
No events

Internal exceptions (16 events):
Event: 0.391 Thread 0x000001b8664f6640 Exception <a 'java/lang/NoSuchMethodError'{0x00000000c48480c0}: 'java.lang.Object java.lang.invoke.DirectMethodHandle$Holder.invokeStaticInit(java.lang.Object)'> (0x00000000c48480c0) 
thrown [t:\workspace\open\src\hotspot\share\interpreter\linkResolver.cpp, line 766]
Event: 0.414 Thread 0x000001b8664f6640 Exception <a 'java/lang/NoSuchMethodError'{0x00000000c4855ee0}: 'void java.lang.invoke.DirectMethodHandle$Holder.invokeStatic(java.lang.Object, java.lang.Object)'> (0x00000000c4855ee0) 
thrown [t:\workspace\open\src\hotspot\share\interpreter\linkResolver.cpp, line 766]
Event: 0.479 Thread 0x000001b84a685bd0 Exception <a 'java/lang/NoSuchMethodError'{0x00000000c4782c58}: 'java.lang.Object java.lang.invoke.DirectMethodHandle$Holder.invokeStatic(java.lang.Object, java.lang.Object, int)'> (0x00000000c4782c58) 
thrown [t:\workspace\open\src\hotspot\share\interpreter\linkResolver.cpp, line 766]
Event: 0.483 Thread 0x000001b84a685bd0 Exception <a 'java/lang/NoSuchMethodError'{0x00000000c478ec98}: 'void java.lang.invoke.DelegatingMethodHandle$Holder.delegate(java.lang.Object, java.lang.Object, int, java.lang.Object)'> (0x00000000c478ec98) 
thrown [t:\workspace\open\src\hotspot\share\interpreter\linkResolver.cpp, line 766]
Event: 0.485 Thread 0x000001b84a685bd0 Exception <a 'java/lang/NoSuchMethodError'{0x00000000c4792cd0}: 'int java.lang.invoke.DirectMethodHandle$Holder.invokeSpecial(java.lang.Object, java.lang.Object, java.lang.Object)'> (0x00000000c4792cd0) 
thrown [t:\workspace\open\src\hotspot\share\interpreter\linkResolver.cpp, line 766]
Event: 1.521 Thread 0x000001b84a685bd0 Exception <a 'java/lang/NullPointerException'{0x00000000c451bf10}> (0x00000000c451bf10) 
thrown [t:\workspace\open\src\hotspot\share\interpreter\linkResolver.cpp, line 1440]
Event: 1.617 Thread 0x000001b84a685bd0 Implicit null exception at 0x000001b8599fb2e1 to 0x000001b8599fc60c
Event: 1.994 Thread 0x000001b84a685bd0 Exception <a 'java/lang/ClassNotFoundException'{0x00000000c40ce098}: com/sun/org/apache/xerces/internal/impl/xpath/regex/spi/messageProvider> (0x00000000c40ce098) 
thrown [t:\workspace\open\src\hotspot\share\classfile\systemDictionary.cpp, line 256]
Event: 2.354 Thread 0x000001b84a685bd0 Exception <a 'java/lang/NoSuchMethodError'{0x00000000c4ab7d60}: 'java.lang.Object java.lang.invoke.DirectMethodHandle$Holder.invokeStaticInit(java.lang.Object, int, int, int, int)'> (0x00000000c4ab7d60) 
thrown [t:\workspace\open\src\hotspot\share\interpreter\linkResolver.cpp, line 766]
Event: 2.510 Thread 0x000001b84a685bd0 Exception <a 'java/lang/NoSuchMethodError'{0x00000000c4920900}: 'java.lang.Object java.lang.invoke.DirectMethodHandle$Holder.invokeStaticInit(java.lang.Object, java.lang.Object, int, int, int, int)'> (0x00000000c4920900) 
thrown [t:\workspace\open\src\hotspot\share\interpreter\linkResolver.cpp, line 766]
Event: 2.804 Thread 0x000001b84a685bd0 Exception <a 'java/lang/NoSuchMethodError'{0x00000000c461a2c8}: 'java.lang.Object java.lang.invoke.Invokers$Holder.invokeExact_MT(java.lang.Object, java.lang.Object, java.lang.Object, java.lang.Object, java.lang.Object, java.lang.Object)'> (0x00000000c461a2c8) 
thrown [t:\workspace\open\src\hotspot\share\interpreter\linkResolver.cpp, line 766]
Event: 2.982 Thread 0x000001b84a685bd0 Exception <a 'java/lang/NoSuchMethodError'{0x00000000c449fa00}: 'java.lang.Object java.lang.invoke.DirectMethodHandle$Holder.invokeInterface(java.lang.Object, java.lang.Object)'> (0x00000000c449fa00) 
thrown [t:\workspace\open\src\hotspot\share\interpreter\linkResolver.cpp, line 766]
Event: 3.024 Thread 0x000001b84a685bd0 Exception <a 'java/lang/NoSuchMethodError'{0x00000000c431b2d0}: 'void java.lang.invoke.DirectMethodHandle$Holder.invokeSpecial(java.lang.Object, java.lang.Object, java.lang.Object)'> (0x00000000c431b2d0) 
thrown [t:\workspace\open\src\hotspot\share\interpreter\linkResolver.cpp, line 766]
Event: 3.029 Thread 0x000001b84a685bd0 Exception <a 'java/lang/NoSuchMethodError'{0x00000000c4321d68}: 'void java.lang.invoke.DirectMethodHandle$Holder.invokeStatic(java.lang.Object, java.lang.Object, java.lang.Object)'> (0x00000000c4321d68) 
thrown [t:\workspace\open\src\hotspot\share\interpreter\linkResolver.cpp, line 766]
Event: 3.033 Thread 0x000001b84a685bd0 Exception <a 'java/lang/NoSuchMethodError'{0x00000000c432bf88}: 'java.lang.Object java.lang.invoke.DirectMethodHandle$Holder.invokeVirtual(java.lang.Object, java.lang.Object, java.lang.Object)'> (0x00000000c432bf88) 
thrown [t:\workspace\open\src\hotspot\share\interpreter\linkResolver.cpp, line 766]
Event: 3.496 Thread 0x000001b84a685bd0 Exception <a 'java/lang/NoSuchMethodError'{0x00000000c3d8fb70}: 'void java.lang.invoke.DirectMethodHandle$Holder.invokeVirtual(java.lang.Object, java.lang.Object)'> (0x00000000c3d8fb70) 
thrown [t:\workspace\open\src\hotspot\share\interpreter\linkResolver.cpp, line 766]

VM Operations (20 events):
Event: 1.137 Executing VM operation: G1CollectForAllocation
Event: 1.148 Executing VM operation: G1CollectForAllocation done
Event: 1.410 Executing VM operation: HandshakeAllThreads
Event: 1.411 Executing VM operation: HandshakeAllThreads done
Event: 1.595 Executing VM operation: HandshakeAllThreads
Event: 1.595 Executing VM operation: HandshakeAllThreads done
Event: 1.714 Executing VM operation: HandshakeAllThreads
Event: 1.714 Executing VM operation: HandshakeAllThreads done
Event: 2.179 Executing VM operation: G1CollectForAllocation
Event: 2.192 Executing VM operation: G1CollectForAllocation done
Event: 2.273 Executing VM operation: HandshakeAllThreads
Event: 2.273 Executing VM operation: HandshakeAllThreads done
Event: 2.273 Executing VM operation: HandshakeAllThreads
Event: 2.273 Executing VM operation: HandshakeAllThreads done
Event: 2.309 Executing VM operation: HandshakeAllThreads
Event: 2.309 Executing VM operation: HandshakeAllThreads done
Event: 3.310 Executing VM operation: Cleanup
Event: 3.310 Executing VM operation: Cleanup done
Event: 3.355 Executing VM operation: HandshakeAllThreads
Event: 3.355 Executing VM operation: HandshakeAllThreads done

Events (20 events):
Event: 3.500 loading class java/util/concurrent/TimeUnit$1
Event: 3.500 loading class java/util/concurrent/TimeUnit$1 done
Event: 3.500 loading class java/util/concurrent/locks/AbstractQueuedSynchronizer$ConditionNode
Event: 3.501 loading class java/util/concurrent/ForkJoinPool$ManagedBlocker
Event: 3.501 loading class java/util/concurrent/ForkJoinPool$ManagedBlocker done
Event: 3.501 loading class java/util/concurrent/locks/AbstractQueuedSynchronizer$Node
Event: 3.501 loading class java/util/concurrent/locks/AbstractQueuedSynchronizer$Node done
Event: 3.501 loading class java/util/concurrent/locks/AbstractQueuedSynchronizer$ConditionNode done
Event: 3.521 loading class java/util/regex/Pattern$BnM
Event: 3.521 loading class java/util/regex/Pattern$BnM done
Event: 3.628 loading class java/util/TimerTask
Event: 3.628 loading class java/util/TimerTask done
Event: 3.747 loading class java/time/format/DateTimeParseException
Event: 3.748 loading class java/time/DateTimeException
Event: 3.748 loading class java/time/DateTimeException done
Event: 3.748 loading class java/time/format/DateTimeParseException done
Event: 3.763 loading class java/util/regex/Pattern$1MatcherIterator
Event: 3.763 loading class java/util/regex/Pattern$1MatcherIterator done
Event: 3.810 loading class java/lang/AbstractMethodError
Event: 3.811 loading class java/lang/AbstractMethodError done


Dynamic libraries:
0x00007ff6c7e50000 - 0x00007ff6c7e60000 	C:\Program Files\Java\jdk-17.0.3\bin\java.exe
0x00007ffadd120000 - 0x00007ffadd30d000 	C:\Windows\SYSTEM32\ntdll.dll
0x00007ffadc400000 - 0x00007ffadc4b3000 	C:\Windows\System32\KERNEL32.DLL
0x00007ffada0e0000 - 0x00007ffada373000 	C:\Windows\System32\KERNELBASE.dll
0x00007ffad9840000 - 0x00007ffad993c000 	C:\Windows\System32\ucrtbase.dll
0x00007ffacc270000 - 0x00007ffacc288000 	C:\Program Files\Java\jdk-17.0.3\bin\jli.dll
0x00007ffadba30000 - 0x00007ffadbad3000 	C:\Windows\System32\ADVAPI32.dll
0x00007ffac2460000 - 0x00007ffac247a000 	C:\Program Files\Java\jdk-17.0.3\bin\VCRUNTIME140.dll
0x00007ffadbcf0000 - 0x00007ffadbd8e000 	C:\Windows\System32\msvcrt.dll
0x00007ffadc760000 - 0x00007ffadc7fe000 	C:\Windows\System32\sechost.dll
0x00007ffadc800000 - 0x00007ffadc923000 	C:\Windows\System32\RPCRT4.dll
0x00007ffadc4c0000 - 0x00007ffadc657000 	C:\Windows\System32\USER32.dll
0x00007ffad9820000 - 0x00007ffad9840000 	C:\Windows\System32\win32u.dll
0x00007ffadbdf0000 - 0x00007ffadbe19000 	C:\Windows\System32\GDI32.dll
0x00007ffacd630000 - 0x00007ffacd8a9000 	C:\Windows\WinSxS\amd64_microsoft.windows.common-controls_6595b64144ccf1df_6.0.17763.134_none_05b3373a07211a5c\COMCTL32.dll
0x00007ffad9680000 - 0x00007ffad981a000 	C:\Windows\System32\gdi32full.dll
0x00007ffad94b0000 - 0x00007ffad9550000 	C:\Windows\System32\msvcp_win.dll
0x00007ffadbe20000 - 0x00007ffadc14d000 	C:\Windows\System32\combase.dll
0x00007ffad9600000 - 0x00007ffad967e000 	C:\Windows\System32\bcryptPrimitives.dll
0x00007ffad1730000 - 0x00007ffad173a000 	C:\Windows\SYSTEM32\VERSION.dll
0x00007ffadc730000 - 0x00007ffadc75e000 	C:\Windows\System32\IMM32.DLL
0x00007ffacbda0000 - 0x00007ffacbdac000 	C:\Program Files\Java\jdk-17.0.3\bin\vcruntime140_1.dll
0x00007ffa93460000 - 0x00007ffa934ed000 	C:\Program Files\Java\jdk-17.0.3\bin\msvcp140.dll
0x00007ffa77400000 - 0x00007ffa77fc1000 	C:\Program Files\Java\jdk-17.0.3\bin\server\jvm.dll
0x00007ffadbc10000 - 0x00007ffadbc18000 	C:\Windows\System32\PSAPI.DLL
0x00007ffad6d90000 - 0x00007ffad6db4000 	C:\Windows\SYSTEM32\WINMM.dll
0x00007ffacdce0000 - 0x00007ffacdce9000 	C:\Windows\SYSTEM32\WSOCK32.dll
0x00007ffad6d60000 - 0x00007ffad6d8d000 	C:\Windows\SYSTEM32\WINMMBASE.dll
0x00007ffadc9a0000 - 0x00007ffadca0d000 	C:\Windows\System32\WS2_32.dll
0x00007ffad9940000 - 0x00007ffad998a000 	C:\Windows\System32\cfgmgr32.dll
0x00007ffad91b0000 - 0x00007ffad91c1000 	C:\Windows\System32\kernel.appcore.dll
0x00007ffac5120000 - 0x00007ffac512a000 	C:\Program Files\Java\jdk-17.0.3\bin\jimage.dll
0x00007ffad2610000 - 0x00007ffad27fd000 	C:\Windows\SYSTEM32\DBGHELP.DLL
0x00007ffac1300000 - 0x00007ffac132a000 	C:\Windows\SYSTEM32\dbgcore.DLL
0x00007ffad34e0000 - 0x00007ffad34ee000 	C:\Program Files\Java\jdk-17.0.3\bin\instrument.dll
0x00007ffabba80000 - 0x00007ffabbaa5000 	C:\Program Files\Java\jdk-17.0.3\bin\java.dll
0x00007ffa91770000 - 0x00007ffa91846000 	C:\Program Files\Java\jdk-17.0.3\bin\jsvml.dll
0x00007ffada540000 - 0x00007ffadba2f000 	C:\Windows\System32\SHELL32.dll
0x00007ffadc2d0000 - 0x00007ffadc378000 	C:\Windows\System32\shcore.dll
0x00007ffad9990000 - 0x00007ffada0d8000 	C:\Windows\System32\windows.storage.dll
0x00007ffad91f0000 - 0x00007ffad9214000 	C:\Windows\System32\profapi.dll
0x00007ffad9150000 - 0x00007ffad91ad000 	C:\Windows\System32\powrprof.dll
0x00007ffadd0c0000 - 0x00007ffadd112000 	C:\Windows\System32\shlwapi.dll
0x00007ffad9580000 - 0x00007ffad9597000 	C:\Windows\System32\cryptsp.dll
0x00007ffabf160000 - 0x00007ffabf178000 	C:\Program Files\Java\jdk-17.0.3\bin\zip.dll
0x00007ffabf7b0000 - 0x00007ffabf7c9000 	C:\Program Files\Java\jdk-17.0.3\bin\net.dll
0x00007ffacd150000 - 0x00007ffacd241000 	C:\Windows\SYSTEM32\WINHTTP.dll
0x00007ffad89e0000 - 0x00007ffad8a47000 	C:\Windows\system32\mswsock.dll
0x00007ffabf6c0000 - 0x00007ffabf6d6000 	C:\Program Files\Java\jdk-17.0.3\bin\nio.dll
0x00007ffaccd80000 - 0x00007ffaccd9a000 	C:\Program Files\JetBrains\IntelliJ IDEA Community Edition 2022.1\bin\breakgen64.dll
0x00007ffabf060000 - 0x00007ffabf070000 	C:\Program Files\Java\jdk-17.0.3\bin\verify.dll
0x00007ffad8540000 - 0x00007ffad8573000 	C:\Windows\system32\rsaenh.dll
0x00007ffad9550000 - 0x00007ffad9576000 	C:\Windows\System32\bcrypt.dll
0x00007ffad9080000 - 0x00007ffad90a8000 	C:\Windows\SYSTEM32\USERENV.dll
0x00007ffad8bb0000 - 0x00007ffad8bbc000 	C:\Windows\SYSTEM32\CRYPTBASE.dll
0x00007ffad8740000 - 0x00007ffad877d000 	C:\Windows\SYSTEM32\IPHLPAPI.DLL
0x00007ffadc930000 - 0x00007ffadc938000 	C:\Windows\System32\NSI.dll
0x00007ffac23d0000 - 0x00007ffac23e6000 	C:\Windows\SYSTEM32\dhcpcsvc6.DLL
0x00007ffac23b0000 - 0x00007ffac23cc000 	C:\Windows\SYSTEM32\dhcpcsvc.DLL
0x00007ffad8780000 - 0x00007ffad8846000 	C:\Windows\SYSTEM32\DNSAPI.dll
0x00007ffabee80000 - 0x00007ffabee8a000 	C:\Windows\System32\rasadhlp.dll
0x00007ffabfd90000 - 0x00007ffabfe09000 	C:\Windows\System32\fwpuclnt.dll

dbghelp: loaded successfully - version: 4.0.5 - missing functions: none
symbol engine: initialized successfully - sym options: 0x614 - pdb path: .;C:\Program Files\Java\jdk-17.0.3\bin;C:\Windows\SYSTEM32;C:\Windows\WinSxS\amd64_microsoft.windows.common-controls_6595b64144ccf1df_6.0.17763.134_none_05b3373a07211a5c;C:\Program Files\Java\jdk-17.0.3\bin\server;C:\Program Files\JetBrains\IntelliJ IDEA Community Edition 2022.1\bin

VM Arguments:
jvm_args: -javaagent:C:\Program Files\JetBrains\IntelliJ IDEA Community Edition 2022.1\lib\idea_rt.jar=52651:C:\Program Files\JetBrains\IntelliJ IDEA Community Edition 2022.1\bin -Dfile.encoding=UTF-8 
java_command: Main
java_class_path (initial): C:\Users\Timur\Documents\Java\hibernate_homework\target\classes;C:\Users\Timur\.m2\repository\mysql\mysql-connector-java\8.0.30\mysql-connector-java-8.0.30.jar;C:\Users\Timur\.m2\repository\com\google\protobuf\protobuf-java\3.19.4\protobuf-java-3.19.4.jar;C:\Users\Timur\.m2\repository\org\hibernate\hibernate-core\5.4.10.Final\hibernate-core-5.4.10.Final.jar;C:\Users\Timur\.m2\repository\org\jboss\logging\jboss-logging\3.3.2.Final\jboss-logging-3.3.2.Final.jar;C:\Users\Timur\.m2\repository\javax\persistence\javax.persistence-api\2.2\javax.persistence-api-2.2.jar;C:\Users\Timur\.m2\repository\org\javassist\javassist\3.24.0-GA\javassist-3.24.0-GA.jar;C:\Users\Timur\.m2\repository\net\bytebuddy\byte-buddy\1.10.2\byte-buddy-1.10.2.jar;C:\Users\Timur\.m2\repository\antlr\antlr\2.7.7\antlr-2.7.7.jar;C:\Users\Timur\.m2\repository\org\jboss\spec\javax\transaction\jboss-transaction-api_1.2_spec\1.1.1.Final\jboss-transaction-api_1.2_spec-1.1.1.Final.jar;C:\Users\Timur\.m2\repository\org\jboss\jandex\2.1.1.Final\jandex-2.1.1.Final.jar;C:\Users\Timur\.m2\repository\com\fasterxml\classmate\1.5.1\classmate-1.5.1.jar;C:\Users\Timur\.m2\repository\javax\activation\javax.activation-api\1.2.0\javax.activation-api-1.2.0.jar;C:\Users\Timur\.m2\repository\org\dom4j\dom4j\2.1.1\dom4j-2.1.1.jar;C:\Users\Timur\.m2\repository\org\hibernate\common\hibernate-commons-annotations\5.1.0.Final\hibernate-commons-annotations-5.1.0.Final.jar;C:\Users\Timur\.m2\repository\javax\xml\bind\jaxb-api\2.3.1\jaxb-api-2.3.1.jar;C:\Users\Timur\.m2\repository\org\glassfish\jaxb\jaxb-runtime\2.3.1\jaxb-runtime-2.3.1.jar;C:\Users\Timur\.m2\repository\org\glassfish\jaxb\txw2\2.3.1\txw2-2.3.1.jar;C:\Users\Timur\.m2\repository\com\sun\istack\istack-commons-runtime\3.0.7\istack-commons-runtime-3.0.7.jar;C:\Users\Timur\.m2\repository\org\jvnet\staxex\stax-ex\1.8\stax-ex-1.8.jar;C:\Users\Timur\.m2\repository\com\sun\xml\fastinfoset\FastInfoset\1.2.15\FastInfoset-1.2.15.jar
Launcher Type: SUN_STANDARD

[Global flags]
     intx CICompilerCount                          = 3                                         {product} {ergonomic}
     uint ConcGCThreads                            = 1                                         {product} {ergonomic}
     uint G1ConcRefinementThreads                  = 4                                         {product} {ergonomic}
   size_t G1HeapRegionSize                         = 1048576                                   {product} {ergonomic}
    uintx GCDrainStackTargetSize                   = 64                                        {product} {ergonomic}
   size_t InitialHeapSize                          = 67108864                                  {product} {ergonomic}
   size_t MarkStackSize                            = 4194304                                   {product} {ergonomic}
   size_t MaxHeapSize                              = 1061158912                                {product} {ergonomic}
   size_t MaxNewSize                               = 636485632                                 {product} {ergonomic}
   size_t MinHeapDeltaBytes                        = 1048576                                   {product} {ergonomic}
   size_t MinHeapSize                              = 8388608                                   {product} {ergonomic}
    uintx NonNMethodCodeHeapSize                   = 5832780                                {pd product} {ergonomic}
    uintx NonProfiledCodeHeapSize                  = 122912730                              {pd product} {ergonomic}
    uintx ProfiledCodeHeapSize                     = 122912730                              {pd product} {ergonomic}
    uintx ReservedCodeCacheSize                    = 251658240                              {pd product} {ergonomic}
     bool SegmentedCodeCache                       = true                                      {product} {ergonomic}
   size_t SoftMaxHeapSize                          = 1061158912                             {manageable} {ergonomic}
     bool UseCompressedClassPointers               = true                           {product lp64_product} {ergonomic}
     bool UseCompressedOops                        = true                           {product lp64_product} {ergonomic}
     bool UseG1GC                                  = true                                      {product} {ergonomic}
     bool UseLargePagesIndividualAllocation        = false                                  {pd product} {ergonomic}

Logging:
Log output configuration:
 #0: stdout all=warning uptime,level,tags
 #1: stderr all=off uptime,level,tags

Environment Variables:
JAVA_HOME=C:\Program Files\Java\jdk-17.0.3
PATH=c:\Program Files (x86)\AMD APP\bin\x86_64;c:\Program Files (x86)\AMD APP\bin\x86;C:\Program Files\Java\jdk-17.0.3\bin;C:\Program Files\Common Files\Oracle\Java\javapath;C:\Program Files (x86)\Common Files\Oracle\Java\javapath;C:\Program Files (x86)\Common Files\Intel\Shared Libraries\redist\ia32\compiler;C:\Program Files (x86)\Common Files\Intel\Shared Libraries\redist\intel64\compiler;C:\Windows\system32;C:\Windows;C:\Windows\System32\Wbem;C:\Windows\System32\WindowsPowerShell\v1.0\;C:\Program Files\Microsoft SQL Server\120\Tools\Binn\;C:\Program Files\Common Files\Autodesk Shared\;C:\Program Files (x86)\Windows Kits\8.1\Windows Performance Toolkit\;C:\Program Files (x86)\NVIDIA Corporation\PhysX\Common;C:\Program Files\dotnet\;C:\Program Files\JetBrains\IntelliJ IDEA Community Edition 2022.1\plugins\maven\lib\maven3\bin;C:\Program Files\MySQL\MySQL Shell 8.0\bin\;C:\Users\Timur\AppData\Local\Microsoft\WindowsApps;
USERNAME=Timur
OS=Windows_NT
PROCESSOR_IDENTIFIER=Intel64 Family 6 Model 42 Stepping 7, GenuineIntel



---------------  S Y S T E M  ---------------

OS:
 Windows 10 , 64 bit Build 17763 (10.0.17763.1)
OS uptime: 1 days 0:22 hours

CPU: total 4 (initial active 4) (2 cores per cpu, 2 threads per core) family 6 model 42 stepping 7 microcode 0x2e, cx8, cmov, fxsr, ht, mmx, sse, sse2, sse3, ssse3, sse4.1, sse4.2, popcnt, tsc, tscinvbit, avx, clmul, vzeroupper, clflush

Memory: 4k page, system-wide physical 4043M (79M free)
TotalPageFile size 8139M (AvailPageFile size 5M)
current process WorkingSet (physical memory assigned to process): 103M, peak: 103M
current process commit charge ("private bytes"): 177M, peak: 178M

vm_info: Java HotSpot(TM) 64-Bit Server VM (17.0.3+8-LTS-111) for windows-amd64 JRE (17.0.3+8-LTS-111), built on Mar  9 2022 22:40:21 by "mach5one" with MS VC++ 16.8 / 16.9 (VS2019)

END.
